<?xml version="1.0" encoding="UTF-8"?>
<testng-results ignored="0" total="1" passed="1" failed="0" skipped="0">
  <reporter-output>
  </reporter-output>
  <suite started-at="2020-08-24T10:02:55Z" name="Default suite" finished-at="2020-08-24T10:03:21Z" duration-ms="26348">
    <groups>
    </groups>
    <test started-at="2020-08-24T10:02:55Z" name="Default test" finished-at="2020-08-24T10:03:21Z" duration-ms="26348">
      <class name="bus.Booking.EndtoEnd_BusBooking">
        <test-method is-config="true" signature="tearUp()[pri:0, instance:bus.Booking.EndtoEnd_BusBooking@661972b0]" started-at="2020-08-24T10:02:55Z" name="tearUp" finished-at="2020-08-24T10:03:04Z" duration-ms="9445" status="PASS">
          <reporter-output>
          </reporter-output>
        </test-method> <!-- tearUp -->
        <test-method signature="bookBusSeats_HappyFlow()[pri:0, instance:bus.Booking.EndtoEnd_BusBooking@661972b0]" started-at="2020-08-24T10:03:04Z" name="bookBusSeats_HappyFlow" finished-at="2020-08-24T10:03:20Z" duration-ms="16028" status="PASS">
          <reporter-output>
          </reporter-output>
        </test-method> <!-- bookBusSeats_HappyFlow -->
        <test-method is-config="true" signature="tearDown()[pri:0, instance:bus.Booking.EndtoEnd_BusBooking@661972b0]" started-at="2020-08-24T10:03:20Z" name="tearDown" finished-at="2020-08-24T10:03:21Z" duration-ms="844" status="PASS">
          <reporter-output>
          </reporter-output>
        </test-method> <!-- tearDown -->
      </class> <!-- bus.Booking.EndtoEnd_BusBooking -->
    </test> <!-- Default test -->
  </suite> <!-- Default suite -->
</testng-results>
